<?xml version="1.0" encoding="UTF-8"?>
<!-- Generated by org.testng.reporters.JUnitXMLReporter -->
<testsuite hostname="DESKTOP-M18KB13" ignored="0" name="Add Customer test" tests="1" failures="1" timestamp="2021-02-22T11:01:23 IST" time="1.587" errors="0">
  <testcase name="addCustomer" time="1.553" classname="com.w2a.testcases.AddCustomerTest">
    <failure type="java.lang.AssertionError">
      <![CDATA[java.lang.AssertionError
at org.junit.Assert.fail(Assert.java:86)
at org.junit.Assert.assertTrue(Assert.java:41)
at org.junit.Assert.assertTrue(Assert.java:52)
at com.w2a.testcases.AddCustomerTest.addCustomer(AddCustomerTest.java:24)
at java.util.ArrayList.forEach(ArrayList.java:1259)
... Removed 27 stack frames]]>
    </failure>
  </testcase> <!-- addCustomer -->
</testsuite> <!-- Add Customer test -->
